2025-04-19 16:33:05,932 salesDpart [FATAL] this is an emerge msg
2025-04-19 16:33:05,933 salesDpart [FATAL] this is an fatal msg
2025-04-19 16:33:05,933 salesDpart [ALERT] this is an alert msg
2025-04-19 16:33:05,933 salesDpart [CRIT] this is an crit msg
2025-04-19 16:33:05,933 salesDpart [ERROR] this is an error msg
2025-04-19 16:33:05,933 salesDpart [WARN] this is an warn msg
2025-04-19 16:33:05,933 salesDpart [NOTICE] this is an notice msg
2025-04-19 16:33:05,933 salesDpart [INFO] this is an info msg
2025-04-19 16:33:05,933 salesDpart [FATAL] this is an emerge msg
2025-04-19 16:33:05,933 salesDpart [FATAL] this is an fatal msg
2025-04-19 16:33:05,933 salesDpart [ALERT] this is an alert msg
2025-04-19 16:33:05,933 salesDpart [CRIT] this is an crit msg
2025-04-19 16:33:05,933 salesDpart [ERROR] this is an error msg
2025-04-19 16:33:05,933 salesDpart [WARN] this is an warn msg
2025-04-19 16:33:05,933 salesDpart [NOTICE] this is an notice msg
2025-04-19 16:33:05,933 salesDpart [INFO] this is an info msg
2025-04-19 16:33:05,933 salesDpart [FATAL] this is an emerge msg
2025-04-19 16:33:05,933 salesDpart [FATAL] this is an fatal msg
2025-04-19 16:33:05,933 salesDpart [ALERT] this is an alert msg
2025-04-19 16:33:05,933 salesDpart [CRIT] this is an crit msg
2025-04-19 16:33:05,933 salesDpart [ERROR] this is an error msg
2025-04-19 16:33:05,933 salesDpart [WARN] this is an warn msg
2025-04-19 16:33:05,933 salesDpart [NOTICE] this is an notice msg
2025-04-19 16:33:05,933 salesDpart [INFO] this is an info msg
2025-04-19 16:33:05,933 salesDpart [FATAL] this is an emerge msg
2025-04-19 16:33:05,933 salesDpart [FATAL] this is an fatal msg
2025-04-19 16:33:05,933 salesDpart [ALERT] this is an alert msg
2025-04-19 16:33:05,933 salesDpart [CRIT] this is an crit msg
2025-04-19 16:33:05,933 salesDpart [ERROR] this is an error msg
2025-04-19 16:33:05,933 salesDpart [WARN] this is an warn msg
2025-04-19 16:33:05,933 salesDpart [NOTICE] this is an notice msg
2025-04-19 16:33:05,933 salesDpart [INFO] this is an info msg
2025-04-19 16:33:05,933 salesDpart [FATAL] this is an emerge msg
2025-04-19 16:33:05,933 salesDpart [FATAL] this is an fatal msg
2025-04-19 16:33:05,933 salesDpart [ALERT] this is an alert msg
2025-04-19 16:33:05,933 salesDpart [CRIT] this is an crit msg
2025-04-19 16:33:05,933 salesDpart [ERROR] this is an error msg
2025-04-19 16:33:05,933 salesDpart [WARN] this is an warn msg
2025-04-19 16:33:05,933 salesDpart [NOTICE] this is an notice msg
2025-04-19 16:33:05,933 salesDpart [INFO] this is an info msg
2025-04-19 16:33:05,933 salesDpart [FATAL] this is an emerge msg
2025-04-19 16:33:05,933 salesDpart [FATAL] this is an fatal msg
2025-04-19 16:33:05,933 salesDpart [ALERT] this is an alert msg
2025-04-19 16:33:05,933 salesDpart [CRIT] this is an crit msg
2025-04-19 16:33:05,933 salesDpart [ERROR] this is an error msg
2025-04-19 16:33:05,933 salesDpart [WARN] this is an warn msg
2025-04-19 16:33:05,933 salesDpart [NOTICE] this is an notice msg
2025-04-19 16:33:05,933 salesDpart [INFO] this is an info msg
2025-04-19 16:33:05,933 salesDpart [FATAL] this is an emerge msg
2025-04-19 16:33:05,933 salesDpart [FATAL] this is an fatal msg
2025-04-19 16:33:05,933 salesDpart [ALERT] this is an alert msg
2025-04-19 16:33:05,933 salesDpart [CRIT] this is an crit msg
2025-04-19 16:33:05,933 salesDpart [ERROR] this is an error msg
2025-04-19 16:33:05,933 salesDpart [WARN] this is an warn msg
2025-04-19 16:33:05,933 salesDpart [NOTICE] this is an notice msg
2025-04-19 16:33:05,933 salesDpart [INFO] this is an info msg
2025-04-19 16:33:05,933 salesDpart [FATAL] this is an emerge msg
2025-04-19 16:33:05,933 salesDpart [FATAL] this is an fatal msg
2025-04-19 16:33:05,933 salesDpart [ALERT] this is an alert msg
2025-04-19 16:33:05,933 salesDpart [CRIT] this is an crit msg
2025-04-19 16:33:05,933 salesDpart [ERROR] this is an error msg
2025-04-19 16:33:05,933 salesDpart [WARN] this is an warn msg
2025-04-19 16:33:05,933 salesDpart [NOTICE] this is an notice msg
2025-04-19 16:33:05,933 salesDpart [INFO] this is an info msg
2025-04-19 16:33:05,933 salesDpart [FATAL] this is an emerge msg
2025-04-19 16:33:05,933 salesDpart [FATAL] this is an fatal msg
2025-04-19 16:33:05,933 salesDpart [ALERT] this is an alert msg
2025-04-19 16:33:05,933 salesDpart [CRIT] this is an crit msg
2025-04-19 16:33:05,933 salesDpart [ERROR] this is an error msg
2025-04-19 16:33:05,933 salesDpart [WARN] this is an warn msg
2025-04-19 16:33:05,933 salesDpart [NOTICE] this is an notice msg
2025-04-19 16:33:05,934 salesDpart [INFO] this is an info msg
2025-04-19 16:33:05,934 salesDpart [FATAL] this is an emerge msg
2025-04-19 16:33:05,934 salesDpart [FATAL] this is an fatal msg
2025-04-19 16:33:05,934 salesDpart [ALERT] this is an alert msg
2025-04-19 16:33:05,934 salesDpart [CRIT] this is an crit msg
2025-04-19 16:33:05,934 salesDpart [ERROR] this is an error msg
2025-04-19 16:33:05,934 salesDpart [WARN] this is an warn msg
2025-04-19 16:33:05,934 salesDpart [NOTICE] this is an notice msg
2025-04-19 16:33:05,934 salesDpart [INFO] this is an info msg
2025-04-19 16:33:05,934 salesDpart [FATAL] this is an emerge msg
2025-04-19 16:33:05,934 salesDpart [FATAL] this is an fatal msg
2025-04-19 16:33:05,934 salesDpart [ALERT] this is an alert msg
2025-04-19 16:33:05,934 salesDpart [CRIT] this is an crit msg
2025-04-19 16:33:05,934 salesDpart [ERROR] this is an error msg
2025-04-19 16:33:05,934 salesDpart [WARN] this is an warn msg
2025-04-19 16:33:05,934 salesDpart [NOTICE] this is an notice msg
2025-04-19 16:33:05,934 salesDpart [INFO] this is an info msg
2025-04-19 16:33:05,934 salesDpart [FATAL] this is an emerge msg
2025-04-19 16:33:05,934 salesDpart [FATAL] this is an fatal msg
2025-04-19 16:33:05,934 salesDpart [ALERT] this is an alert msg
2025-04-19 16:33:05,934 salesDpart [CRIT] this is an crit msg
2025-04-19 16:33:05,934 salesDpart [ERROR] this is an error msg
2025-04-19 16:33:05,934 salesDpart [WARN] this is an warn msg
2025-04-19 16:33:05,934 salesDpart [NOTICE] this is an notice msg
2025-04-19 16:33:05,934 salesDpart [INFO] this is an info msg
2025-04-19 16:33:05,934 salesDpart [FATAL] this is an emerge msg
2025-04-19 16:33:05,934 salesDpart [FATAL] this is an fatal msg
2025-04-19 16:33:05,934 salesDpart [ALERT] this is an alert msg
2025-04-19 16:33:05,934 salesDpart [CRIT] this is an crit msg
2025-04-19 16:33:05,934 salesDpart [ERROR] this is an error msg
2025-04-19 16:33:05,934 salesDpart [WARN] this is an warn msg
2025-04-19 16:33:05,934 salesDpart [NOTICE] this is an notice msg
2025-04-19 16:33:05,934 salesDpart [INFO] this is an info msg
2025-04-19 16:33:05,934 salesDpart [FATAL] this is an emerge msg
2025-04-19 16:33:05,934 salesDpart [FATAL] this is an fatal msg
2025-04-19 16:33:05,934 salesDpart [ALERT] this is an alert msg
2025-04-19 16:33:05,934 salesDpart [CRIT] this is an crit msg
2025-04-19 16:33:05,934 salesDpart [ERROR] this is an error msg
2025-04-19 16:33:05,934 salesDpart [WARN] this is an warn msg
2025-04-19 16:33:05,934 salesDpart [NOTICE] this is an notice msg
2025-04-19 16:33:05,934 salesDpart [INFO] this is an info msg
2025-04-19 16:33:05,934 salesDpart [FATAL] this is an emerge msg
2025-04-19 16:33:05,934 salesDpart [FATAL] this is an fatal msg
2025-04-19 16:33:05,934 salesDpart [ALERT] this is an alert msg
2025-04-19 16:33:05,934 salesDpart [CRIT] this is an crit msg
2025-04-19 16:33:05,934 salesDpart [ERROR] this is an error msg
2025-04-19 16:33:05,934 salesDpart [WARN] this is an warn msg
2025-04-19 16:33:05,934 salesDpart [NOTICE] this is an notice msg
2025-04-19 16:33:05,934 salesDpart [INFO] this is an info msg
2025-04-19 16:33:05,934 salesDpart [FATAL] this is an emerge msg
2025-04-19 16:33:05,934 salesDpart [FATAL] this is an fatal msg
2025-04-19 16:33:05,934 salesDpart [ALERT] this is an alert msg
2025-04-19 16:33:05,934 salesDpart [CRIT] this is an crit msg
2025-04-19 16:33:05,934 salesDpart [ERROR] this is an error msg
2025-04-19 16:33:05,934 salesDpart [WARN] this is an warn msg
2025-04-19 16:33:05,934 salesDpart [NOTICE] this is an notice msg
2025-04-19 16:33:05,935 salesDpart [INFO] this is an info msg
2025-04-19 16:33:05,935 salesDpart [FATAL] this is an emerge msg
2025-04-19 16:33:05,935 salesDpart [FATAL] this is an fatal msg
2025-04-19 16:33:05,935 salesDpart [ALERT] this is an alert msg
2025-04-19 16:33:05,935 salesDpart [CRIT] this is an crit msg
2025-04-19 16:33:05,935 salesDpart [ERROR] this is an error msg
2025-04-19 16:33:05,935 salesDpart [WARN] this is an warn msg
2025-04-19 16:33:05,935 salesDpart [NOTICE] this is an notice msg
2025-04-19 16:33:05,935 salesDpart [INFO] this is an info msg
2025-04-19 16:33:05,935 salesDpart [FATAL] this is an emerge msg
2025-04-19 16:33:05,935 salesDpart [FATAL] this is an fatal msg
2025-04-19 16:33:05,935 salesDpart [ALERT] this is an alert msg
2025-04-19 16:33:05,935 salesDpart [CRIT] this is an crit msg
2025-04-19 16:33:05,935 salesDpart [ERROR] this is an error msg
2025-04-19 16:33:05,935 salesDpart [WARN] this is an warn msg
2025-04-19 16:33:05,935 salesDpart [NOTICE] this is an notice msg
2025-04-19 16:33:05,935 salesDpart [INFO] this is an info msg
2025-04-19 16:33:05,935 salesDpart [FATAL] this is an emerge msg
2025-04-19 16:33:05,935 salesDpart [FATAL] this is an fatal msg
2025-04-19 16:33:05,935 salesDpart [ALERT] this is an alert msg
2025-04-19 16:33:05,935 salesDpart [CRIT] this is an crit msg
2025-04-19 16:33:05,935 salesDpart [ERROR] this is an error msg
2025-04-19 16:33:05,935 salesDpart [WARN] this is an warn msg
2025-04-19 16:33:05,935 salesDpart [NOTICE] this is an notice msg
2025-04-19 16:33:05,935 salesDpart [INFO] this is an info msg
2025-04-19 16:33:05,935 salesDpart [FATAL] this is an emerge msg
2025-04-19 16:33:05,935 salesDpart [FATAL] this is an fatal msg
2025-04-19 16:33:05,935 salesDpart [ALERT] this is an alert msg
2025-04-19 16:33:05,935 salesDpart [CRIT] this is an crit msg
2025-04-19 16:33:05,935 salesDpart [ERROR] this is an error msg
2025-04-19 16:33:05,935 salesDpart [WARN] this is an warn msg
2025-04-19 16:33:05,935 salesDpart [NOTICE] this is an notice msg
2025-04-19 16:33:05,935 salesDpart [INFO] this is an info msg
2025-04-19 16:33:05,935 salesDpart [FATAL] this is an emerge msg
2025-04-19 16:33:05,935 salesDpart [FATAL] this is an fatal msg
2025-04-19 16:33:05,935 salesDpart [ALERT] this is an alert msg
2025-04-19 16:33:05,935 salesDpart [CRIT] this is an crit msg
2025-04-19 16:33:05,935 salesDpart [ERROR] this is an error msg
2025-04-19 16:33:05,935 salesDpart [WARN] this is an warn msg
2025-04-19 16:33:05,935 salesDpart [NOTICE] this is an notice msg
2025-04-19 16:33:05,935 salesDpart [INFO] this is an info msg
2025-04-19 16:33:05,935 salesDpart [FATAL] this is an emerge msg
2025-04-19 16:33:05,935 salesDpart [FATAL] this is an fatal msg
2025-04-19 16:33:05,935 salesDpart [ALERT] this is an alert msg
2025-04-19 16:33:05,935 salesDpart [CRIT] this is an crit msg
2025-04-19 16:33:05,935 salesDpart [ERROR] this is an error msg
2025-04-19 16:33:05,935 salesDpart [WARN] this is an warn msg
2025-04-19 16:33:05,935 salesDpart [NOTICE] this is an notice msg
2025-04-19 16:33:05,936 salesDpart [INFO] this is an info msg
2025-04-19 16:33:05,936 salesDpart [FATAL] this is an emerge msg
2025-04-19 16:33:05,936 salesDpart [FATAL] this is an fatal msg
2025-04-19 16:33:05,936 salesDpart [ALERT] this is an alert msg
2025-04-19 16:33:05,936 salesDpart [CRIT] this is an crit msg
2025-04-19 16:33:05,936 salesDpart [ERROR] this is an error msg
2025-04-19 16:33:05,936 salesDpart [WARN] this is an warn msg
2025-04-19 16:33:05,936 salesDpart [NOTICE] this is an notice msg
2025-04-19 16:33:05,936 salesDpart [INFO] this is an info msg
2025-04-19 16:33:05,936 salesDpart [FATAL] this is an emerge msg
2025-04-19 16:33:05,936 salesDpart [FATAL] this is an fatal msg
2025-04-19 16:33:05,936 salesDpart [ALERT] this is an alert msg
2025-04-19 16:33:05,936 salesDpart [CRIT] this is an crit msg
2025-04-19 16:33:05,936 salesDpart [ERROR] this is an error msg
2025-04-19 16:33:05,936 salesDpart [WARN] this is an warn msg
2025-04-19 16:33:05,936 salesDpart [NOTICE] this is an notice msg
2025-04-19 16:33:05,936 salesDpart [INFO] this is an info msg
2025-04-19 16:33:05,936 salesDpart [FATAL] this is an emerge msg
2025-04-19 16:33:05,936 salesDpart [FATAL] this is an fatal msg
2025-04-19 16:33:05,936 salesDpart [ALERT] this is an alert msg
2025-04-19 16:33:05,936 salesDpart [CRIT] this is an crit msg
2025-04-19 16:33:05,936 salesDpart [ERROR] this is an error msg
2025-04-19 16:33:05,936 salesDpart [WARN] this is an warn msg
2025-04-19 16:33:05,936 salesDpart [NOTICE] this is an notice msg
2025-04-19 16:33:05,936 salesDpart [INFO] this is an info msg
2025-04-19 16:33:05,936 salesDpart [FATAL] this is an emerge msg
2025-04-19 16:33:05,936 salesDpart [FATAL] this is an fatal msg
2025-04-19 16:33:05,936 salesDpart [ALERT] this is an alert msg
2025-04-19 16:33:05,936 salesDpart [CRIT] this is an crit msg
2025-04-19 16:33:05,936 salesDpart [ERROR] this is an error msg
2025-04-19 16:33:05,936 salesDpart [WARN] this is an warn msg
2025-04-19 16:33:05,936 salesDpart [NOTICE] this is an notice msg
2025-04-19 16:33:05,936 salesDpart [INFO] this is an info msg
2025-04-19 16:33:05,936 salesDpart [FATAL] this is an emerge msg
2025-04-19 16:33:05,936 salesDpart [FATAL] this is an fatal msg
2025-04-19 16:33:05,936 salesDpart [ALERT] this is an alert msg
2025-04-19 16:33:05,936 salesDpart [CRIT] this is an crit msg
2025-04-19 16:33:05,936 salesDpart [ERROR] this is an error msg
2025-04-19 16:33:05,936 salesDpart [WARN] this is an warn msg
2025-04-19 16:33:05,936 salesDpart [NOTICE] this is an notice msg
2025-04-19 16:33:05,936 salesDpart [INFO] this is an info msg
2025-04-19 16:33:05,936 salesDpart [FATAL] this is an emerge msg
2025-04-19 16:33:05,936 salesDpart [FATAL] this is an fatal msg
2025-04-19 16:33:05,936 salesDpart [ALERT] this is an alert msg
2025-04-19 16:33:05,936 salesDpart [CRIT] this is an crit msg
2025-04-19 16:33:05,936 salesDpart [ERROR] this is an error msg
2025-04-19 16:33:05,936 salesDpart [WARN] this is an warn msg
2025-04-19 16:33:05,936 salesDpart [NOTICE] this is an notice msg
2025-04-19 16:33:05,936 salesDpart [INFO] this is an info msg
2025-04-19 16:33:05,936 salesDpart [FATAL] this is an emerge msg
2025-04-19 16:33:05,936 salesDpart [FATAL] this is an fatal msg
2025-04-19 16:33:05,936 salesDpart [ALERT] this is an alert msg
2025-04-19 16:33:05,936 salesDpart [CRIT] this is an crit msg
2025-04-19 16:33:05,936 salesDpart [ERROR] this is an error msg
2025-04-19 16:33:05,936 salesDpart [WARN] this is an warn msg
2025-04-19 16:33:05,936 salesDpart [NOTICE] this is an notice msg
2025-04-19 16:33:05,936 salesDpart [INFO] this is an info msg
2025-04-19 16:33:05,936 salesDpart [FATAL] this is an emerge msg
2025-04-19 16:33:05,936 salesDpart [FATAL] this is an fatal msg
2025-04-19 16:33:05,936 salesDpart [ALERT] this is an alert msg
2025-04-19 16:33:05,936 salesDpart [CRIT] this is an crit msg
2025-04-19 16:33:05,936 salesDpart [ERROR] this is an error msg
2025-04-19 16:33:05,936 salesDpart [WARN] this is an warn msg
2025-04-19 16:33:05,937 salesDpart [NOTICE] this is an notice msg
2025-04-19 16:33:05,937 salesDpart [INFO] this is an info msg
2025-04-19 16:33:05,937 salesDpart [FATAL] this is an emerge msg
2025-04-19 16:33:05,937 salesDpart [FATAL] this is an fatal msg
2025-04-19 16:33:05,937 salesDpart [ALERT] this is an alert msg
2025-04-19 16:33:05,937 salesDpart [CRIT] this is an crit msg
2025-04-19 16:33:05,937 salesDpart [ERROR] this is an error msg
2025-04-19 16:33:05,937 salesDpart [WARN] this is an warn msg
2025-04-19 16:33:05,937 salesDpart [NOTICE] this is an notice msg
2025-04-19 16:33:05,937 salesDpart [INFO] this is an info msg
2025-04-19 16:33:05,937 salesDpart [FATAL] this is an emerge msg
2025-04-19 16:33:05,937 salesDpart [FATAL] this is an fatal msg
2025-04-19 16:33:05,937 salesDpart [ALERT] this is an alert msg
2025-04-19 16:33:05,937 salesDpart [CRIT] this is an crit msg
2025-04-19 16:33:05,937 salesDpart [ERROR] this is an error msg
2025-04-19 16:33:05,937 salesDpart [WARN] this is an warn msg
2025-04-19 16:33:05,937 salesDpart [NOTICE] this is an notice msg
2025-04-19 16:33:05,937 salesDpart [INFO] this is an info msg
2025-04-19 16:33:05,937 salesDpart [FATAL] this is an emerge msg
2025-04-19 16:33:05,937 salesDpart [FATAL] this is an fatal msg
2025-04-19 16:33:05,937 salesDpart [ALERT] this is an alert msg
2025-04-19 16:33:05,937 salesDpart [CRIT] this is an crit msg
2025-04-19 16:33:05,937 salesDpart [ERROR] this is an error msg
2025-04-19 16:33:05,937 salesDpart [WARN] this is an warn msg
2025-04-19 16:33:05,937 salesDpart [NOTICE] this is an notice msg
2025-04-19 16:33:05,937 salesDpart [INFO] this is an info msg
2025-04-19 16:33:05,937 salesDpart [FATAL] this is an emerge msg
2025-04-19 16:33:05,937 salesDpart [FATAL] this is an fatal msg
2025-04-19 16:33:05,937 salesDpart [ALERT] this is an alert msg
2025-04-19 16:33:05,937 salesDpart [CRIT] this is an crit msg
2025-04-19 16:33:05,937 salesDpart [ERROR] this is an error msg
2025-04-19 16:33:05,937 salesDpart [WARN] this is an warn msg
2025-04-19 16:33:05,937 salesDpart [NOTICE] this is an notice msg
2025-04-19 16:33:05,937 salesDpart [INFO] this is an info msg
2025-04-19 16:33:05,937 salesDpart [FATAL] this is an emerge msg
2025-04-19 16:33:05,937 salesDpart [FATAL] this is an fatal msg
2025-04-19 16:33:05,937 salesDpart [ALERT] this is an alert msg
2025-04-19 16:33:05,937 salesDpart [CRIT] this is an crit msg
2025-04-19 16:33:05,937 salesDpart [ERROR] this is an error msg
2025-04-19 16:33:05,937 salesDpart [WARN] this is an warn msg
2025-04-19 16:33:05,937 salesDpart [NOTICE] this is an notice msg
2025-04-19 16:33:05,937 salesDpart [INFO] this is an info msg
2025-04-19 16:33:05,937 salesDpart [FATAL] this is an emerge msg
2025-04-19 16:33:05,937 salesDpart [FATAL] this is an fatal msg
2025-04-19 16:33:05,937 salesDpart [ALERT] this is an alert msg
2025-04-19 16:33:05,937 salesDpart [CRIT] this is an crit msg
2025-04-19 16:33:05,937 salesDpart [ERROR] this is an error msg
2025-04-19 16:33:05,937 salesDpart [WARN] this is an warn msg
2025-04-19 16:33:05,937 salesDpart [NOTICE] this is an notice msg
2025-04-19 16:33:05,937 salesDpart [INFO] this is an info msg
2025-04-19 16:33:05,937 salesDpart [FATAL] this is an emerge msg
2025-04-19 16:33:05,937 salesDpart [FATAL] this is an fatal msg
2025-04-19 16:33:05,937 salesDpart [ALERT] this is an alert msg
2025-04-19 16:33:05,937 salesDpart [CRIT] this is an crit msg
2025-04-19 16:33:05,938 salesDpart [ERROR] this is an error msg
2025-04-19 16:33:05,938 salesDpart [WARN] this is an warn msg
2025-04-19 16:33:05,938 salesDpart [NOTICE] this is an notice msg
2025-04-19 16:33:05,938 salesDpart [INFO] this is an info msg
2025-04-19 16:33:05,938 salesDpart [FATAL] this is an emerge msg
2025-04-19 16:33:05,938 salesDpart [FATAL] this is an fatal msg
2025-04-19 16:33:05,938 salesDpart [ALERT] this is an alert msg
2025-04-19 16:33:05,938 salesDpart [CRIT] this is an crit msg
2025-04-19 16:33:05,938 salesDpart [ERROR] this is an error msg
2025-04-19 16:33:05,938 salesDpart [WARN] this is an warn msg
2025-04-19 16:33:05,938 salesDpart [NOTICE] this is an notice msg
2025-04-19 16:33:05,938 salesDpart [INFO] this is an info msg
2025-04-19 16:33:05,938 salesDpart [FATAL] this is an emerge msg
2025-04-19 16:33:05,938 salesDpart [FATAL] this is an fatal msg
2025-04-19 16:33:05,938 salesDpart [ALERT] this is an alert msg
2025-04-19 16:33:05,938 salesDpart [CRIT] this is an crit msg
2025-04-19 16:33:05,938 salesDpart [ERROR] this is an error msg
2025-04-19 16:33:05,938 salesDpart [WARN] this is an warn msg
2025-04-19 16:33:05,938 salesDpart [NOTICE] this is an notice msg
2025-04-19 16:33:05,938 salesDpart [INFO] this is an info msg
2025-04-19 16:33:05,938 salesDpart [FATAL] this is an emerge msg
2025-04-19 16:33:05,938 salesDpart [FATAL] this is an fatal msg
2025-04-19 16:33:05,938 salesDpart [ALERT] this is an alert msg
2025-04-19 16:33:05,938 salesDpart [CRIT] this is an crit msg
2025-04-19 16:33:05,938 salesDpart [ERROR] this is an error msg
2025-04-19 16:33:05,938 salesDpart [WARN] this is an warn msg
2025-04-19 16:33:05,938 salesDpart [NOTICE] this is an notice msg
2025-04-19 16:33:05,938 salesDpart [INFO] this is an info msg
2025-04-19 16:33:05,938 salesDpart [FATAL] this is an emerge msg
2025-04-19 16:33:05,938 salesDpart [FATAL] this is an fatal msg
2025-04-19 16:33:05,938 salesDpart [ALERT] this is an alert msg
2025-04-19 16:33:05,938 salesDpart [CRIT] this is an crit msg
2025-04-19 16:33:05,938 salesDpart [ERROR] this is an error msg
2025-04-19 16:33:05,938 salesDpart [WARN] this is an warn msg
2025-04-19 16:33:05,938 salesDpart [NOTICE] this is an notice msg
2025-04-19 16:33:05,938 salesDpart [INFO] this is an info msg
2025-04-19 16:33:05,938 salesDpart [FATAL] this is an emerge msg
2025-04-19 16:33:05,938 salesDpart [FATAL] this is an fatal msg
2025-04-19 16:33:05,938 salesDpart [ALERT] this is an alert msg
2025-04-19 16:33:05,938 salesDpart [CRIT] this is an crit msg
2025-04-19 16:33:05,938 salesDpart [ERROR] this is an error msg
2025-04-19 16:33:05,938 salesDpart [WARN] this is an warn msg
2025-04-19 16:33:05,938 salesDpart [NOTICE] this is an notice msg
2025-04-19 16:33:05,938 salesDpart [INFO] this is an info msg
2025-04-19 16:33:05,938 salesDpart [FATAL] this is an emerge msg
2025-04-19 16:33:05,939 salesDpart [FATAL] this is an fatal msg
2025-04-19 16:33:05,939 salesDpart [ALERT] this is an alert msg
2025-04-19 16:33:05,939 salesDpart [CRIT] this is an crit msg
2025-04-19 16:33:05,939 salesDpart [ERROR] this is an error msg
2025-04-19 16:33:05,939 salesDpart [WARN] this is an warn msg
2025-04-19 16:33:05,939 salesDpart [NOTICE] this is an notice msg
2025-04-19 16:33:05,939 salesDpart [INFO] this is an info msg
2025-04-19 16:33:05,939 salesDpart [FATAL] this is an emerge msg
2025-04-19 16:33:05,939 salesDpart [FATAL] this is an fatal msg
2025-04-19 16:33:05,939 salesDpart [ALERT] this is an alert msg
2025-04-19 16:33:05,939 salesDpart [CRIT] this is an crit msg
2025-04-19 16:33:05,939 salesDpart [ERROR] this is an error msg
2025-04-19 16:33:05,939 salesDpart [WARN] this is an warn msg
2025-04-19 16:33:05,939 salesDpart [NOTICE] this is an notice msg
2025-04-19 16:33:05,939 salesDpart [INFO] this is an info msg
2025-04-19 16:33:05,939 salesDpart [FATAL] this is an emerge msg
2025-04-19 16:33:05,939 salesDpart [FATAL] this is an fatal msg
2025-04-19 16:33:05,939 salesDpart [ALERT] this is an alert msg
2025-04-19 16:33:05,939 salesDpart [CRIT] this is an crit msg
2025-04-19 16:33:05,939 salesDpart [ERROR] this is an error msg
2025-04-19 16:33:05,939 salesDpart [WARN] this is an warn msg
2025-04-19 16:33:05,939 salesDpart [NOTICE] this is an notice msg
2025-04-19 16:33:05,939 salesDpart [INFO] this is an info msg
2025-04-19 16:33:05,939 salesDpart [FATAL] this is an emerge msg
2025-04-19 16:33:05,939 salesDpart [FATAL] this is an fatal msg
2025-04-19 16:33:05,939 salesDpart [ALERT] this is an alert msg
2025-04-19 16:33:05,939 salesDpart [CRIT] this is an crit msg
2025-04-19 16:33:05,939 salesDpart [ERROR] this is an error msg
2025-04-19 16:33:05,939 salesDpart [WARN] this is an warn msg
2025-04-19 16:33:05,939 salesDpart [NOTICE] this is an notice msg
2025-04-19 16:33:05,939 salesDpart [INFO] this is an info msg
2025-04-19 16:33:05,939 salesDpart [FATAL] this is an emerge msg
2025-04-19 16:33:05,939 salesDpart [FATAL] this is an fatal msg
2025-04-19 16:33:05,939 salesDpart [ALERT] this is an alert msg
2025-04-19 16:33:05,939 salesDpart [CRIT] this is an crit msg
2025-04-19 16:33:05,939 salesDpart [ERROR] this is an error msg
2025-04-19 16:33:05,939 salesDpart [WARN] this is an warn msg
2025-04-19 16:33:05,939 salesDpart [NOTICE] this is an notice msg
2025-04-19 16:33:05,939 salesDpart [INFO] this is an info msg
2025-04-19 16:33:05,939 salesDpart [FATAL] this is an emerge msg
2025-04-19 16:33:05,939 salesDpart [FATAL] this is an fatal msg
2025-04-19 16:33:05,939 salesDpart [ALERT] this is an alert msg
2025-04-19 16:33:05,939 salesDpart [CRIT] this is an crit msg
2025-04-19 16:33:05,939 salesDpart [ERROR] this is an error msg
2025-04-19 16:33:05,939 salesDpart [WARN] this is an warn msg
2025-04-19 16:33:05,939 salesDpart [NOTICE] this is an notice msg
2025-04-19 16:33:05,939 salesDpart [INFO] this is an info msg
2025-04-19 16:33:05,939 salesDpart [FATAL] this is an emerge msg
2025-04-19 16:33:05,939 salesDpart [FATAL] this is an fatal msg
2025-04-19 16:33:05,940 salesDpart [ALERT] this is an alert msg
2025-04-19 16:33:05,940 salesDpart [CRIT] this is an crit msg
2025-04-19 16:33:05,940 salesDpart [ERROR] this is an error msg
2025-04-19 16:33:05,940 salesDpart [WARN] this is an warn msg
2025-04-19 16:33:05,940 salesDpart [NOTICE] this is an notice msg
2025-04-19 16:33:05,940 salesDpart [INFO] this is an info msg
2025-04-19 16:33:05,940 salesDpart [FATAL] this is an emerge msg
2025-04-19 16:33:05,940 salesDpart [FATAL] this is an fatal msg
2025-04-19 16:33:05,940 salesDpart [ALERT] this is an alert msg
2025-04-19 16:33:05,940 salesDpart [CRIT] this is an crit msg
2025-04-19 16:33:05,940 salesDpart [ERROR] this is an error msg
2025-04-19 16:33:05,940 salesDpart [WARN] this is an warn msg
2025-04-19 16:33:05,940 salesDpart [NOTICE] this is an notice msg
2025-04-19 16:33:05,940 salesDpart [INFO] this is an info msg
2025-04-19 16:33:05,940 salesDpart [FATAL] this is an emerge msg
2025-04-19 16:33:05,940 salesDpart [FATAL] this is an fatal msg
2025-04-19 16:33:05,940 salesDpart [ALERT] this is an alert msg
2025-04-19 16:33:05,940 salesDpart [CRIT] this is an crit msg
2025-04-19 16:33:05,940 salesDpart [ERROR] this is an error msg
2025-04-19 16:33:05,940 salesDpart [WARN] this is an warn msg
2025-04-19 16:33:05,940 salesDpart [NOTICE] this is an notice msg
2025-04-19 16:33:05,940 salesDpart [INFO] this is an info msg
2025-04-19 16:33:05,940 salesDpart [FATAL] this is an emerge msg
2025-04-19 16:33:05,940 salesDpart [FATAL] this is an fatal msg
2025-04-19 16:33:05,940 salesDpart [ALERT] this is an alert msg
2025-04-19 16:33:05,940 salesDpart [CRIT] this is an crit msg
2025-04-19 16:33:05,940 salesDpart [ERROR] this is an error msg
2025-04-19 16:33:05,940 salesDpart [WARN] this is an warn msg
2025-04-19 16:33:05,940 salesDpart [NOTICE] this is an notice msg
2025-04-19 16:33:05,940 salesDpart [INFO] this is an info msg
2025-04-19 16:33:05,940 salesDpart [FATAL] this is an emerge msg
2025-04-19 16:33:05,940 salesDpart [FATAL] this is an fatal msg
2025-04-19 16:33:05,940 salesDpart [ALERT] this is an alert msg
2025-04-19 16:33:05,940 salesDpart [CRIT] this is an crit msg
2025-04-19 16:33:05,940 salesDpart [ERROR] this is an error msg
2025-04-19 16:33:05,940 salesDpart [WARN] this is an warn msg
2025-04-19 16:33:05,940 salesDpart [NOTICE] this is an notice msg
2025-04-19 16:33:05,940 salesDpart [INFO] this is an info msg
2025-04-19 16:33:05,940 salesDpart [FATAL] this is an emerge msg
2025-04-19 16:33:05,940 salesDpart [FATAL] this is an fatal msg
2025-04-19 16:33:05,940 salesDpart [ALERT] this is an alert msg
2025-04-19 16:33:05,940 salesDpart [CRIT] this is an crit msg
2025-04-19 16:33:05,940 salesDpart [ERROR] this is an error msg
2025-04-19 16:33:05,940 salesDpart [WARN] this is an warn msg
2025-04-19 16:33:05,940 salesDpart [NOTICE] this is an notice msg
2025-04-19 16:33:05,940 salesDpart [INFO] this is an info msg
2025-04-19 16:33:05,941 salesDpart [FATAL] this is an emerge msg
2025-04-19 16:33:05,941 salesDpart [FATAL] this is an fatal msg
2025-04-19 16:33:05,941 salesDpart [ALERT] this is an alert msg
2025-04-19 16:33:05,941 salesDpart [CRIT] this is an crit msg
2025-04-19 16:33:05,941 salesDpart [ERROR] this is an error msg
2025-04-19 16:33:05,941 salesDpart [WARN] this is an warn msg
2025-04-19 16:33:05,941 salesDpart [NOTICE] this is an notice msg
2025-04-19 16:33:05,941 salesDpart [INFO] this is an info msg
2025-04-19 16:33:05,941 salesDpart [FATAL] this is an emerge msg
2025-04-19 16:33:05,941 salesDpart [FATAL] this is an fatal msg
2025-04-19 16:33:05,941 salesDpart [ALERT] this is an alert msg
2025-04-19 16:33:05,941 salesDpart [CRIT] this is an crit msg
2025-04-19 16:33:05,941 salesDpart [ERROR] this is an error msg
2025-04-19 16:33:05,941 salesDpart [WARN] this is an warn msg
2025-04-19 16:33:05,941 salesDpart [NOTICE] this is an notice msg
2025-04-19 16:33:05,941 salesDpart [INFO] this is an info msg
2025-04-19 16:33:05,941 salesDpart [FATAL] this is an emerge msg
2025-04-19 16:33:05,941 salesDpart [FATAL] this is an fatal msg
2025-04-19 16:33:05,941 salesDpart [ALERT] this is an alert msg
2025-04-19 16:33:05,941 salesDpart [CRIT] this is an crit msg
2025-04-19 16:33:05,941 salesDpart [ERROR] this is an error msg
2025-04-19 16:33:05,941 salesDpart [WARN] this is an warn msg
2025-04-19 16:33:05,941 salesDpart [NOTICE] this is an notice msg
2025-04-19 16:33:05,941 salesDpart [INFO] this is an info msg
2025-04-19 16:33:05,941 salesDpart [FATAL] this is an emerge msg
2025-04-19 16:33:05,941 salesDpart [FATAL] this is an fatal msg
2025-04-19 16:33:05,941 salesDpart [ALERT] this is an alert msg
2025-04-19 16:33:05,941 salesDpart [CRIT] this is an crit msg
2025-04-19 16:33:05,941 salesDpart [ERROR] this is an error msg
2025-04-19 16:33:05,941 salesDpart [WARN] this is an warn msg
2025-04-19 16:33:05,941 salesDpart [NOTICE] this is an notice msg
2025-04-19 16:33:05,941 salesDpart [INFO] this is an info msg
2025-04-19 16:33:05,941 salesDpart [FATAL] this is an emerge msg
2025-04-19 16:33:05,941 salesDpart [FATAL] this is an fatal msg
2025-04-19 16:33:05,941 salesDpart [ALERT] this is an alert msg
2025-04-19 16:33:05,941 salesDpart [CRIT] this is an crit msg
2025-04-19 16:33:05,941 salesDpart [ERROR] this is an error msg
2025-04-19 16:33:05,941 salesDpart [WARN] this is an warn msg
2025-04-19 16:33:05,941 salesDpart [NOTICE] this is an notice msg
2025-04-19 16:33:05,941 salesDpart [INFO] this is an info msg
2025-04-19 16:33:05,941 salesDpart [FATAL] this is an emerge msg
2025-04-19 16:33:05,941 salesDpart [FATAL] this is an fatal msg
2025-04-19 16:33:05,941 salesDpart [ALERT] this is an alert msg
2025-04-19 16:33:05,941 salesDpart [CRIT] this is an crit msg
2025-04-19 16:33:05,941 salesDpart [ERROR] this is an error msg
2025-04-19 16:33:05,941 salesDpart [WARN] this is an warn msg
2025-04-19 16:33:05,941 salesDpart [NOTICE] this is an notice msg
2025-04-19 16:33:05,941 salesDpart [INFO] this is an info msg
2025-04-19 16:33:05,941 salesDpart [FATAL] this is an emerge msg
2025-04-19 16:33:05,941 salesDpart [FATAL] this is an fatal msg
2025-04-19 16:33:05,941 salesDpart [ALERT] this is an alert msg
2025-04-19 16:33:05,942 salesDpart [CRIT] this is an crit msg
2025-04-19 16:33:05,942 salesDpart [ERROR] this is an error msg
2025-04-19 16:33:05,942 salesDpart [WARN] this is an warn msg
2025-04-19 16:33:05,942 salesDpart [NOTICE] this is an notice msg
2025-04-19 16:33:05,942 salesDpart [INFO] this is an info msg
2025-04-19 16:33:05,942 salesDpart [FATAL] this is an emerge msg
2025-04-19 16:33:05,942 salesDpart [FATAL] this is an fatal msg
2025-04-19 16:33:05,942 salesDpart [ALERT] this is an alert msg
2025-04-19 16:33:05,942 salesDpart [CRIT] this is an crit msg
2025-04-19 16:33:05,942 salesDpart [ERROR] this is an error msg
2025-04-19 16:33:05,942 salesDpart [WARN] this is an warn msg
2025-04-19 16:33:05,942 salesDpart [NOTICE] this is an notice msg
2025-04-19 16:33:05,942 salesDpart [INFO] this is an info msg
2025-04-19 16:33:05,942 salesDpart [FATAL] this is an emerge msg
2025-04-19 16:33:05,942 salesDpart [FATAL] this is an fatal msg
2025-04-19 16:33:05,942 salesDpart [ALERT] this is an alert msg
2025-04-19 16:33:05,942 salesDpart [CRIT] this is an crit msg
2025-04-19 16:33:05,942 salesDpart [ERROR] this is an error msg
2025-04-19 16:33:05,942 salesDpart [WARN] this is an warn msg
2025-04-19 16:33:05,942 salesDpart [NOTICE] this is an notice msg
2025-04-19 16:33:05,942 salesDpart [INFO] this is an info msg
2025-04-19 16:33:05,942 salesDpart [FATAL] this is an emerge msg
2025-04-19 16:33:05,942 salesDpart [FATAL] this is an fatal msg
2025-04-19 16:33:05,942 salesDpart [ALERT] this is an alert msg
2025-04-19 16:33:05,942 salesDpart [CRIT] this is an crit msg
2025-04-19 16:33:05,942 salesDpart [ERROR] this is an error msg
2025-04-19 16:33:05,942 salesDpart [WARN] this is an warn msg
2025-04-19 16:33:05,942 salesDpart [NOTICE] this is an notice msg
2025-04-19 16:33:05,942 salesDpart [INFO] this is an info msg
2025-04-19 16:33:05,942 salesDpart [FATAL] this is an emerge msg
2025-04-19 16:33:05,942 salesDpart [FATAL] this is an fatal msg
2025-04-19 16:33:05,942 salesDpart [ALERT] this is an alert msg
2025-04-19 16:33:05,942 salesDpart [CRIT] this is an crit msg
2025-04-19 16:33:05,942 salesDpart [ERROR] this is an error msg
2025-04-19 16:33:05,942 salesDpart [WARN] this is an warn msg
2025-04-19 16:33:05,942 salesDpart [NOTICE] this is an notice msg
2025-04-19 16:33:05,942 salesDpart [INFO] this is an info msg
2025-04-19 16:33:05,942 salesDpart [FATAL] this is an emerge msg
2025-04-19 16:33:05,942 salesDpart [FATAL] this is an fatal msg
2025-04-19 16:33:05,942 salesDpart [ALERT] this is an alert msg
2025-04-19 16:33:05,942 salesDpart [CRIT] this is an crit msg
2025-04-19 16:33:05,942 salesDpart [ERROR] this is an error msg
2025-04-19 16:33:05,942 salesDpart [WARN] this is an warn msg
2025-04-19 16:33:05,942 salesDpart [NOTICE] this is an notice msg
2025-04-19 16:33:05,942 salesDpart [INFO] this is an info msg
2025-04-19 16:33:05,942 salesDpart [FATAL] this is an emerge msg
2025-04-19 16:33:05,942 salesDpart [FATAL] this is an fatal msg
2025-04-19 16:33:05,942 salesDpart [ALERT] this is an alert msg
2025-04-19 16:33:05,942 salesDpart [CRIT] this is an crit msg
2025-04-19 16:33:05,943 salesDpart [ERROR] this is an error msg
2025-04-19 16:33:05,943 salesDpart [WARN] this is an warn msg
2025-04-19 16:33:05,943 salesDpart [NOTICE] this is an notice msg
2025-04-19 16:33:05,943 salesDpart [INFO] this is an info msg
2025-04-19 16:33:05,943 salesDpart [FATAL] this is an emerge msg
2025-04-19 16:33:05,943 salesDpart [FATAL] this is an fatal msg
2025-04-19 16:33:05,943 salesDpart [ALERT] this is an alert msg
2025-04-19 16:33:05,943 salesDpart [CRIT] this is an crit msg
2025-04-19 16:33:05,943 salesDpart [ERROR] this is an error msg
2025-04-19 16:33:05,943 salesDpart [WARN] this is an warn msg
2025-04-19 16:33:05,943 salesDpart [NOTICE] this is an notice msg
2025-04-19 16:33:05,943 salesDpart [INFO] this is an info msg
2025-04-19 16:33:05,943 salesDpart [FATAL] this is an emerge msg
2025-04-19 16:33:05,943 salesDpart [FATAL] this is an fatal msg
2025-04-19 16:33:05,943 salesDpart [ALERT] this is an alert msg
2025-04-19 16:33:05,943 salesDpart [CRIT] this is an crit msg
2025-04-19 16:33:05,943 salesDpart [ERROR] this is an error msg
2025-04-19 16:33:05,943 salesDpart [WARN] this is an warn msg
2025-04-19 16:33:05,943 salesDpart [NOTICE] this is an notice msg
2025-04-19 16:33:05,943 salesDpart [INFO] this is an info msg
2025-04-19 16:33:05,943 salesDpart [FATAL] this is an emerge msg
2025-04-19 16:33:05,943 salesDpart [FATAL] this is an fatal msg
2025-04-19 16:33:05,943 salesDpart [ALERT] this is an alert msg
2025-04-19 16:33:05,943 salesDpart [CRIT] this is an crit msg
2025-04-19 16:33:05,943 salesDpart [ERROR] this is an error msg
2025-04-19 16:33:05,943 salesDpart [WARN] this is an warn msg
2025-04-19 16:33:05,943 salesDpart [NOTICE] this is an notice msg
2025-04-19 16:33:05,943 salesDpart [INFO] this is an info msg
2025-04-19 16:33:05,943 salesDpart [FATAL] this is an emerge msg
2025-04-19 16:33:05,943 salesDpart [FATAL] this is an fatal msg
2025-04-19 16:33:05,943 salesDpart [ALERT] this is an alert msg
2025-04-19 16:33:05,943 salesDpart [CRIT] this is an crit msg
2025-04-19 16:33:05,943 salesDpart [ERROR] this is an error msg
2025-04-19 16:33:05,943 salesDpart [WARN] this is an warn msg
2025-04-19 16:33:05,943 salesDpart [NOTICE] this is an notice msg
2025-04-19 16:33:05,943 salesDpart [INFO] this is an info msg
2025-04-19 16:33:05,943 salesDpart [FATAL] this is an emerge msg
2025-04-19 16:33:05,943 salesDpart [FATAL] this is an fatal msg
2025-04-19 16:33:05,943 salesDpart [ALERT] this is an alert msg
2025-04-19 16:33:05,943 salesDpart [CRIT] this is an crit msg
2025-04-19 16:33:05,943 salesDpart [ERROR] this is an error msg
2025-04-19 16:33:05,943 salesDpart [WARN] this is an warn msg
2025-04-19 16:33:05,943 salesDpart [NOTICE] this is an notice msg
2025-04-19 16:33:05,943 salesDpart [INFO] this is an info msg
2025-04-19 16:33:05,943 salesDpart [FATAL] this is an emerge msg
2025-04-19 16:33:05,943 salesDpart [FATAL] this is an fatal msg
2025-04-19 16:33:05,943 salesDpart [ALERT] this is an alert msg
2025-04-19 16:33:05,943 salesDpart [CRIT] this is an crit msg
2025-04-19 16:33:05,943 salesDpart [ERROR] this is an error msg
2025-04-19 16:33:05,943 salesDpart [WARN] this is an warn msg
2025-04-19 16:33:05,943 salesDpart [NOTICE] this is an notice msg
2025-04-19 16:33:05,943 salesDpart [INFO] this is an info msg
2025-04-19 16:33:05,943 salesDpart [FATAL] this is an emerge msg
2025-04-19 16:33:05,943 salesDpart [FATAL] this is an fatal msg
2025-04-19 16:33:05,943 salesDpart [ALERT] this is an alert msg
2025-04-19 16:33:05,943 salesDpart [CRIT] this is an crit msg
2025-04-19 16:33:05,943 salesDpart [ERROR] this is an error msg
2025-04-19 16:33:05,943 salesDpart [WARN] this is an warn msg
2025-04-19 16:33:05,943 salesDpart [NOTICE] this is an notice msg
2025-04-19 16:33:05,943 salesDpart [INFO] this is an info msg
2025-04-19 16:33:05,944 salesDpart [FATAL] this is an emerge msg
2025-04-19 16:33:05,944 salesDpart [FATAL] this is an fatal msg
2025-04-19 16:33:05,944 salesDpart [ALERT] this is an alert msg
2025-04-19 16:33:05,944 salesDpart [CRIT] this is an crit msg
2025-04-19 16:33:05,944 salesDpart [ERROR] this is an error msg
2025-04-19 16:33:05,944 salesDpart [WARN] this is an warn msg
2025-04-19 16:33:05,944 salesDpart [NOTICE] this is an notice msg
2025-04-19 16:33:05,944 salesDpart [INFO] this is an info msg
2025-04-19 16:33:05,944 salesDpart [FATAL] this is an emerge msg
2025-04-19 16:33:05,944 salesDpart [FATAL] this is an fatal msg
2025-04-19 16:33:05,944 salesDpart [ALERT] this is an alert msg
2025-04-19 16:33:05,944 salesDpart [CRIT] this is an crit msg
2025-04-19 16:33:05,944 salesDpart [ERROR] this is an error msg
2025-04-19 16:33:05,944 salesDpart [WARN] this is an warn msg
2025-04-19 16:33:05,944 salesDpart [NOTICE] this is an notice msg
2025-04-19 16:33:05,944 salesDpart [INFO] this is an info msg
2025-04-19 16:33:05,944 salesDpart [FATAL] this is an emerge msg
2025-04-19 16:33:05,944 salesDpart [FATAL] this is an fatal msg
2025-04-19 16:33:05,944 salesDpart [ALERT] this is an alert msg
2025-04-19 16:33:05,944 salesDpart [CRIT] this is an crit msg
2025-04-19 16:33:05,944 salesDpart [ERROR] this is an error msg
2025-04-19 16:33:05,944 salesDpart [WARN] this is an warn msg
2025-04-19 16:33:05,944 salesDpart [NOTICE] this is an notice msg
2025-04-19 16:33:05,944 salesDpart [INFO] this is an info msg
2025-04-19 16:33:05,944 salesDpart [FATAL] this is an emerge msg
2025-04-19 16:33:05,944 salesDpart [FATAL] this is an fatal msg
2025-04-19 16:33:05,944 salesDpart [ALERT] this is an alert msg
2025-04-19 16:33:05,944 salesDpart [CRIT] this is an crit msg
2025-04-19 16:33:05,944 salesDpart [ERROR] this is an error msg
2025-04-19 16:33:05,944 salesDpart [WARN] this is an warn msg
2025-04-19 16:33:05,944 salesDpart [NOTICE] this is an notice msg
2025-04-19 16:33:05,944 salesDpart [INFO] this is an info msg
2025-04-19 16:33:05,944 salesDpart [FATAL] this is an emerge msg
2025-04-19 16:33:05,944 salesDpart [FATAL] this is an fatal msg
2025-04-19 16:33:05,944 salesDpart [ALERT] this is an alert msg
2025-04-19 16:33:05,944 salesDpart [CRIT] this is an crit msg
2025-04-19 16:33:05,944 salesDpart [ERROR] this is an error msg
2025-04-19 16:33:05,944 salesDpart [WARN] this is an warn msg
2025-04-19 16:33:05,944 salesDpart [NOTICE] this is an notice msg
2025-04-19 16:33:05,944 salesDpart [INFO] this is an info msg
2025-04-19 16:33:05,944 salesDpart [FATAL] this is an emerge msg
2025-04-19 16:33:05,944 salesDpart [FATAL] this is an fatal msg
2025-04-19 16:33:05,944 salesDpart [ALERT] this is an alert msg
2025-04-19 16:33:05,944 salesDpart [CRIT] this is an crit msg
2025-04-19 16:33:05,944 salesDpart [ERROR] this is an error msg
2025-04-19 16:33:05,944 salesDpart [WARN] this is an warn msg
2025-04-19 16:33:05,944 salesDpart [NOTICE] this is an notice msg
2025-04-19 16:33:05,944 salesDpart [INFO] this is an info msg
2025-04-19 16:33:05,944 salesDpart [FATAL] this is an emerge msg
2025-04-19 16:33:05,944 salesDpart [FATAL] this is an fatal msg
2025-04-19 16:33:05,944 salesDpart [ALERT] this is an alert msg
2025-04-19 16:33:05,944 salesDpart [CRIT] this is an crit msg
2025-04-19 16:33:05,944 salesDpart [ERROR] this is an error msg
2025-04-19 16:33:05,944 salesDpart [WARN] this is an warn msg
2025-04-19 16:33:05,944 salesDpart [NOTICE] this is an notice msg
2025-04-19 16:33:05,944 salesDpart [INFO] this is an info msg
2025-04-19 16:33:05,944 salesDpart [FATAL] this is an emerge msg
2025-04-19 16:33:05,944 salesDpart [FATAL] this is an fatal msg
2025-04-19 16:33:05,944 salesDpart [ALERT] this is an alert msg
2025-04-19 16:33:05,944 salesDpart [CRIT] this is an crit msg
2025-04-19 16:33:05,944 salesDpart [ERROR] this is an error msg
2025-04-19 16:33:05,944 salesDpart [WARN] this is an warn msg
2025-04-19 16:33:05,944 salesDpart [NOTICE] this is an notice msg
2025-04-19 16:33:05,944 salesDpart [INFO] this is an info msg
2025-04-19 16:33:05,944 salesDpart [FATAL] this is an emerge msg
2025-04-19 16:33:05,944 salesDpart [FATAL] this is an fatal msg
2025-04-19 16:33:05,944 salesDpart [ALERT] this is an alert msg
2025-04-19 16:33:05,944 salesDpart [CRIT] this is an crit msg
2025-04-19 16:33:05,945 salesDpart [ERROR] this is an error msg
2025-04-19 16:33:05,945 salesDpart [WARN] this is an warn msg
2025-04-19 16:33:05,945 salesDpart [NOTICE] this is an notice msg
2025-04-19 16:33:05,945 salesDpart [INFO] this is an info msg
2025-04-19 16:33:05,945 salesDpart [FATAL] this is an emerge msg
2025-04-19 16:33:05,945 salesDpart [FATAL] this is an fatal msg
2025-04-19 16:33:05,945 salesDpart [ALERT] this is an alert msg
2025-04-19 16:33:05,945 salesDpart [CRIT] this is an crit msg
2025-04-19 16:33:05,945 salesDpart [ERROR] this is an error msg
2025-04-19 16:33:05,945 salesDpart [WARN] this is an warn msg
2025-04-19 16:33:05,945 salesDpart [NOTICE] this is an notice msg
2025-04-19 16:33:05,945 salesDpart [INFO] this is an info msg
2025-04-19 16:33:05,945 salesDpart [FATAL] this is an emerge msg
2025-04-19 16:33:05,945 salesDpart [FATAL] this is an fatal msg
2025-04-19 16:33:05,945 salesDpart [ALERT] this is an alert msg
2025-04-19 16:33:05,945 salesDpart [CRIT] this is an crit msg
2025-04-19 16:33:05,945 salesDpart [ERROR] this is an error msg
2025-04-19 16:33:05,945 salesDpart [WARN] this is an warn msg
2025-04-19 16:33:05,945 salesDpart [NOTICE] this is an notice msg
2025-04-19 16:33:05,945 salesDpart [INFO] this is an info msg
2025-04-19 16:33:05,945 salesDpart [FATAL] this is an emerge msg
2025-04-19 16:33:05,945 salesDpart [FATAL] this is an fatal msg
2025-04-19 16:33:05,945 salesDpart [ALERT] this is an alert msg
2025-04-19 16:33:05,945 salesDpart [CRIT] this is an crit msg
2025-04-19 16:33:05,945 salesDpart [ERROR] this is an error msg
2025-04-19 16:33:05,946 salesDpart [WARN] this is an warn msg
2025-04-19 16:33:05,946 salesDpart [NOTICE] this is an notice msg
2025-04-19 16:33:05,946 salesDpart [INFO] this is an info msg
2025-04-19 16:33:05,946 salesDpart [FATAL] this is an emerge msg
2025-04-19 16:33:05,946 salesDpart [FATAL] this is an fatal msg
2025-04-19 16:33:05,946 salesDpart [ALERT] this is an alert msg
2025-04-19 16:33:05,946 salesDpart [CRIT] this is an crit msg
2025-04-19 16:33:05,946 salesDpart [ERROR] this is an error msg
2025-04-19 16:33:05,946 salesDpart [WARN] this is an warn msg
2025-04-19 16:33:05,946 salesDpart [NOTICE] this is an notice msg
2025-04-19 16:33:05,946 salesDpart [INFO] this is an info msg
2025-04-19 16:33:05,946 salesDpart [FATAL] this is an emerge msg
2025-04-19 16:33:05,946 salesDpart [FATAL] this is an fatal msg
2025-04-19 16:33:05,946 salesDpart [ALERT] this is an alert msg
2025-04-19 16:33:05,946 salesDpart [CRIT] this is an crit msg
2025-04-19 16:33:05,946 salesDpart [ERROR] this is an error msg
2025-04-19 16:33:05,946 salesDpart [WARN] this is an warn msg
2025-04-19 16:33:05,946 salesDpart [NOTICE] this is an notice msg
2025-04-19 16:33:05,946 salesDpart [INFO] this is an info msg
2025-04-19 16:33:05,946 salesDpart [FATAL] this is an emerge msg
2025-04-19 16:33:05,946 salesDpart [FATAL] this is an fatal msg
2025-04-19 16:33:05,946 salesDpart [ALERT] this is an alert msg
2025-04-19 16:33:05,946 salesDpart [CRIT] this is an crit msg
2025-04-19 16:33:05,946 salesDpart [ERROR] this is an error msg
2025-04-19 16:33:05,946 salesDpart [WARN] this is an warn msg
2025-04-19 16:33:05,946 salesDpart [NOTICE] this is an notice msg
2025-04-19 16:33:05,946 salesDpart [INFO] this is an info msg
2025-04-19 16:33:05,946 salesDpart [FATAL] this is an emerge msg
2025-04-19 16:33:05,946 salesDpart [FATAL] this is an fatal msg
2025-04-19 16:33:05,946 salesDpart [ALERT] this is an alert msg
2025-04-19 16:33:05,946 salesDpart [CRIT] this is an crit msg
2025-04-19 16:33:05,946 salesDpart [ERROR] this is an error msg
2025-04-19 16:33:05,946 salesDpart [WARN] this is an warn msg
2025-04-19 16:33:05,946 salesDpart [NOTICE] this is an notice msg
2025-04-19 16:33:05,946 salesDpart [INFO] this is an info msg
2025-04-19 16:33:05,946 salesDpart [FATAL] this is an emerge msg
2025-04-19 16:33:05,946 salesDpart [FATAL] this is an fatal msg
2025-04-19 16:33:05,946 salesDpart [ALERT] this is an alert msg
2025-04-19 16:33:05,946 salesDpart [CRIT] this is an crit msg
2025-04-19 16:33:05,946 salesDpart [ERROR] this is an error msg
2025-04-19 16:33:05,946 salesDpart [WARN] this is an warn msg
2025-04-19 16:33:05,946 salesDpart [NOTICE] this is an notice msg
2025-04-19 16:33:05,946 salesDpart [INFO] this is an info msg
2025-04-19 16:33:05,946 salesDpart [FATAL] this is an emerge msg
2025-04-19 16:33:05,946 salesDpart [FATAL] this is an fatal msg
2025-04-19 16:33:05,946 salesDpart [ALERT] this is an alert msg
2025-04-19 16:33:05,947 salesDpart [CRIT] this is an crit msg
2025-04-19 16:33:05,947 salesDpart [ERROR] this is an error msg
2025-04-19 16:33:05,947 salesDpart [WARN] this is an warn msg
2025-04-19 16:33:05,947 salesDpart [NOTICE] this is an notice msg
2025-04-19 16:33:05,947 salesDpart [INFO] this is an info msg
2025-04-19 16:33:05,947 salesDpart [FATAL] this is an emerge msg
2025-04-19 16:33:05,947 salesDpart [FATAL] this is an fatal msg
2025-04-19 16:33:05,947 salesDpart [ALERT] this is an alert msg
2025-04-19 16:33:05,947 salesDpart [CRIT] this is an crit msg
2025-04-19 16:33:05,947 salesDpart [ERROR] this is an error msg
2025-04-19 16:33:05,947 salesDpart [WARN] this is an warn msg
2025-04-19 16:33:05,947 salesDpart [NOTICE] this is an notice msg
2025-04-19 16:33:05,947 salesDpart [INFO] this is an info msg
2025-04-19 16:33:05,947 salesDpart [FATAL] this is an emerge msg
2025-04-19 16:33:05,947 salesDpart [FATAL] this is an fatal msg
2025-04-19 16:33:05,947 salesDpart [ALERT] this is an alert msg
2025-04-19 16:33:05,947 salesDpart [CRIT] this is an crit msg
2025-04-19 16:33:05,947 salesDpart [ERROR] this is an error msg
2025-04-19 16:33:05,947 salesDpart [WARN] this is an warn msg
2025-04-19 16:33:05,947 salesDpart [NOTICE] this is an notice msg
2025-04-19 16:33:05,947 salesDpart [INFO] this is an info msg
2025-04-19 16:33:05,947 salesDpart [FATAL] this is an emerge msg
2025-04-19 16:33:05,947 salesDpart [FATAL] this is an fatal msg
2025-04-19 16:33:05,947 salesDpart [ALERT] this is an alert msg
2025-04-19 16:33:05,947 salesDpart [CRIT] this is an crit msg
2025-04-19 16:33:05,947 salesDpart [ERROR] this is an error msg
2025-04-19 16:33:05,947 salesDpart [WARN] this is an warn msg
2025-04-19 16:33:05,947 salesDpart [NOTICE] this is an notice msg
2025-04-19 16:33:05,947 salesDpart [INFO] this is an info msg
2025-04-19 16:33:05,947 salesDpart [FATAL] this is an emerge msg
2025-04-19 16:33:05,947 salesDpart [FATAL] this is an fatal msg
2025-04-19 16:33:05,947 salesDpart [ALERT] this is an alert msg
2025-04-19 16:33:05,947 salesDpart [CRIT] this is an crit msg
2025-04-19 16:33:05,947 salesDpart [ERROR] this is an error msg
2025-04-19 16:33:05,947 salesDpart [WARN] this is an warn msg
2025-04-19 16:33:05,947 salesDpart [NOTICE] this is an notice msg
2025-04-19 16:33:05,947 salesDpart [INFO] this is an info msg
2025-04-19 16:33:05,947 salesDpart [FATAL] this is an emerge msg
2025-04-19 16:33:05,947 salesDpart [FATAL] this is an fatal msg
2025-04-19 16:33:05,947 salesDpart [ALERT] this is an alert msg
2025-04-19 16:33:05,947 salesDpart [CRIT] this is an crit msg
2025-04-19 16:33:05,947 salesDpart [ERROR] this is an error msg
2025-04-19 16:33:05,947 salesDpart [WARN] this is an warn msg
2025-04-19 16:33:05,947 salesDpart [NOTICE] this is an notice msg
2025-04-19 16:33:05,947 salesDpart [INFO] this is an info msg
2025-04-19 16:33:05,947 salesDpart [FATAL] this is an emerge msg
2025-04-19 16:33:05,947 salesDpart [FATAL] this is an fatal msg
2025-04-19 16:33:05,947 salesDpart [ALERT] this is an alert msg
2025-04-19 16:33:05,947 salesDpart [CRIT] this is an crit msg
2025-04-19 16:33:05,947 salesDpart [ERROR] this is an error msg
2025-04-19 16:33:05,947 salesDpart [WARN] this is an warn msg
2025-04-19 16:33:05,947 salesDpart [NOTICE] this is an notice msg
2025-04-19 16:33:05,947 salesDpart [INFO] this is an info msg
2025-04-19 16:33:05,947 salesDpart [FATAL] this is an emerge msg
2025-04-19 16:33:05,947 salesDpart [FATAL] this is an fatal msg
2025-04-19 16:33:05,948 salesDpart [ALERT] this is an alert msg
2025-04-19 16:33:05,948 salesDpart [CRIT] this is an crit msg
2025-04-19 16:33:05,948 salesDpart [ERROR] this is an error msg
2025-04-19 16:33:05,948 salesDpart [WARN] this is an warn msg
2025-04-19 16:33:05,948 salesDpart [NOTICE] this is an notice msg
2025-04-19 16:33:05,948 salesDpart [INFO] this is an info msg
2025-04-19 16:33:05,948 salesDpart [FATAL] this is an emerge msg
2025-04-19 16:33:05,948 salesDpart [FATAL] this is an fatal msg
2025-04-19 16:33:05,948 salesDpart [ALERT] this is an alert msg
2025-04-19 16:33:05,948 salesDpart [CRIT] this is an crit msg
2025-04-19 16:33:05,948 salesDpart [ERROR] this is an error msg
2025-04-19 16:33:05,948 salesDpart [WARN] this is an warn msg
2025-04-19 16:33:05,948 salesDpart [NOTICE] this is an notice msg
2025-04-19 16:33:05,948 salesDpart [INFO] this is an info msg
2025-04-19 17:05:14,949 [category] [INFO] [singleton_log.cc:62][main] Start main
2025-04-19 17:05:14,951 [category] [INFO] [singleton_log.cc:58][testFunc] testFunc running with x = 42
2025-04-19 17:05:14,951 [category] [DEBUG] [singleton_log.cc:64][main] Result = 52
2025-04-19 17:05:14,951 [category] [ERROR] [singleton_log.cc:65][main] Something went wrong: code = -1
